[0m18:41:30.593143 [debug] [MainThread]: Sending event: {'category': 'dbt', 'action': 'invocation', 'label': 'start', 'context': [<snowplow_tracker.self_describing_json.SelfDescribingJson object at 0x1110863c0>, <snowplow_tracker.self_describing_json.SelfDescribingJson object at 0x112b37d90>, <snowplow_tracker.self_describing_json.SelfDescribingJson object at 0x112b37c50>]}


============================== 18:41:30.598016 | 8feba45e-246b-450e-8f30-05580dcb4f4e ==============================
[0m18:41:30.598016 [info ] [MainThread]: Running with dbt=1.9.4
[0m18:41:30.598426 [debug] [MainThread]: running dbt with arguments {'printer_width': '80', 'indirect_selection': 'eager', 'log_cache_events': 'False', 'write_json': 'True', 'partial_parse': 'True', 'cache_selected_only': 'False', 'profiles_dir': '/Users/luckycherry/.dbt', 'debug': 'False', 'warn_error': 'None', 'log_path': 'logs', 'fail_fast': 'False', 'version_check': 'True', 'use_colors': 'True', 'use_experimental_parser': 'False', 'no_print': 'None', 'quiet': 'False', 'empty': 'None', 'warn_error_options': 'WarnErrorOptions(include=[], exclude=[])', 'invocation_command': 'dbt init', 'static_parser': 'True', 'introspect': 'True', 'target_path': 'None', 'log_format': 'default', 'send_anonymous_usage_stats': 'True'}
[0m18:41:57.623814 [debug] [MainThread]: Starter project path: /Users/luckycherry/DBT/BTC/venv/lib/python3.13/site-packages/dbt/include/starter_project
[0m18:41:57.638428 [info ] [MainThread]: 
Your new dbt project "DBT" was created!

For more information on how to configure the profiles.yml file,
please consult the dbt documentation here:

  https://docs.getdbt.com/docs/configure-your-profile

One more thing:

Need help? Don't hesitate to reach out to us via GitHub issues or on Slack:

  https://community.getdbt.com/

Happy modeling!

[0m18:41:57.639215 [info ] [MainThread]: Setting up your profile.
[0m18:45:24.776904 [info ] [MainThread]: Profile DBT written to /Users/luckycherry/.dbt/profiles.yml using target's profile_template.yml and your supplied values. Run 'dbt debug' to validate the connection.
[0m18:45:25.550625 [debug] [MainThread]: Resource report: {"command_name": "init", "command_success": true, "command_wall_clock_time": 235.01791, "process_in_blocks": "0", "process_kernel_time": 0.212325, "process_mem_max_rss": "128872448", "process_out_blocks": "0", "process_user_time": 0.849728}
[0m18:45:25.551757 [debug] [MainThread]: Command `dbt init` succeeded at 18:45:25.551514 after 235.02 seconds
[0m18:45:25.552125 [debug] [MainThread]: Sending event: {'category': 'dbt', 'action': 'invocation', 'label': 'end', 'context': [<snowplow_tracker.self_describing_json.SelfDescribingJson object at 0x113864fc0>, <snowplow_tracker.self_describing_json.SelfDescribingJson object at 0x113868950>, <snowplow_tracker.self_describing_json.SelfDescribingJson object at 0x1137c7240>]}
[0m18:45:25.552430 [debug] [MainThread]: Flushing usage events
[0m18:45:26.954696 [debug] [MainThread]: An error was encountered while trying to flush usage events
[0m18:45:47.722621 [debug] [MainThread]: Sending event: {'category': 'dbt', 'action': 'invocation', 'label': 'start', 'context': [<snowplow_tracker.self_describing_json.SelfDescribingJson object at 0x10f91e3c0>, <snowplow_tracker.self_describing_json.SelfDescribingJson object at 0x1113cfd90>, <snowplow_tracker.self_describing_json.SelfDescribingJson object at 0x1113cfc50>]}


============================== 18:45:47.726389 | 5ef0b065-d282-45ef-808e-d95053599d21 ==============================
[0m18:45:47.726389 [info ] [MainThread]: Running with dbt=1.9.4
[0m18:45:47.726802 [debug] [MainThread]: running dbt with arguments {'printer_width': '80', 'indirect_selection': 'eager', 'log_cache_events': 'False', 'write_json': 'True', 'partial_parse': 'True', 'cache_selected_only': 'False', 'warn_error': 'None', 'debug': 'False', 'version_check': 'True', 'log_path': 'logs', 'fail_fast': 'False', 'profiles_dir': '/Users/luckycherry/.dbt', 'use_colors': 'True', 'use_experimental_parser': 'False', 'empty': 'None', 'quiet': 'False', 'no_print': 'None', 'warn_error_options': 'WarnErrorOptions(include=[], exclude=[])', 'invocation_command': 'dbt debug', 'log_format': 'default', 'static_parser': 'True', 'target_path': 'None', 'introspect': 'True', 'send_anonymous_usage_stats': 'True'}
[0m18:45:47.735853 [info ] [MainThread]: dbt version: 1.9.4
[0m18:45:47.736197 [info ] [MainThread]: python version: 3.13.2
[0m18:45:47.736485 [info ] [MainThread]: python path: /Users/luckycherry/DBT/BTC/venv/bin/python
[0m18:45:47.736676 [info ] [MainThread]: os info: macOS-26.2-x86_64-i386-64bit-Mach-O
[0m18:45:47.979254 [info ] [MainThread]: Using profiles dir at /Users/luckycherry/.dbt
[0m18:45:47.979547 [info ] [MainThread]: Using profiles.yml file at /Users/luckycherry/.dbt/profiles.yml
[0m18:45:47.979725 [info ] [MainThread]: Using dbt_project.yml file at /Users/luckycherry/DBT/BTC/dbt_project.yml
[0m18:45:47.979917 [error] [MainThread]: Encountered an error:
Internal Error
  Profile should not be None if loading profile completed
[0m18:45:47.981915 [debug] [MainThread]: Resource report: {"command_name": "debug", "command_success": false, "command_wall_clock_time": 0.31949845, "process_in_blocks": "0", "process_kernel_time": 0.14608, "process_mem_max_rss": "130019328", "process_out_blocks": "0", "process_user_time": 0.866571}
[0m18:45:47.982436 [debug] [MainThread]: Command `dbt debug` failed at 18:45:47.982229 after 0.32 seconds
[0m18:45:47.982653 [debug] [MainThread]: Sending event: {'category': 'dbt', 'action': 'invocation', 'label': 'end', 'context': [<snowplow_tracker.self_describing_json.SelfDescribingJson object at 0x112112c40>, <snowplow_tracker.self_describing_json.SelfDescribingJson object at 0x112270830>, <snowplow_tracker.self_describing_json.SelfDescribingJson object at 0x1120638a0>]}
[0m18:45:47.982864 [debug] [MainThread]: Flushing usage events
[0m18:45:49.482627 [debug] [MainThread]: An error was encountered while trying to flush usage events
[0m18:47:40.858250 [debug] [MainThread]: Sending event: {'category': 'dbt', 'action': 'invocation', 'label': 'start', 'context': [<snowplow_tracker.self_describing_json.SelfDescribingJson object at 0x10f10e3c0>, <snowplow_tracker.self_describing_json.SelfDescribingJson object at 0x110bbfd90>, <snowplow_tracker.self_describing_json.SelfDescribingJson object at 0x110bbfc50>]}


============================== 18:47:40.862453 | 328650e5-a178-4c81-a485-2e317bb0b6ee ==============================
[0m18:47:40.862453 [info ] [MainThread]: Running with dbt=1.9.4
[0m18:47:40.862836 [debug] [MainThread]: running dbt with arguments {'printer_width': '80', 'indirect_selection': 'eager', 'log_cache_events': 'False', 'write_json': 'True', 'partial_parse': 'True', 'cache_selected_only': 'False', 'warn_error': 'None', 'debug': 'False', 'profiles_dir': '/Users/luckycherry/.dbt', 'log_path': 'logs', 'fail_fast': 'False', 'version_check': 'True', 'use_colors': 'True', 'use_experimental_parser': 'False', 'empty': 'None', 'quiet': 'False', 'no_print': 'None', 'log_format': 'default', 'static_parser': 'True', 'invocation_command': 'dbt debug', 'introspect': 'True', 'target_path': 'None', 'warn_error_options': 'WarnErrorOptions(include=[], exclude=[])', 'send_anonymous_usage_stats': 'True'}
[0m18:47:40.872648 [info ] [MainThread]: dbt version: 1.9.4
[0m18:47:40.872972 [info ] [MainThread]: python version: 3.13.2
[0m18:47:40.873148 [info ] [MainThread]: python path: /Users/luckycherry/DBT/BTC/venv/bin/python
[0m18:47:40.873310 [info ] [MainThread]: os info: macOS-26.2-x86_64-i386-64bit-Mach-O
[0m18:47:41.131805 [info ] [MainThread]: Using profiles dir at /Users/luckycherry/.dbt
[0m18:47:41.132103 [info ] [MainThread]: Using profiles.yml file at /Users/luckycherry/.dbt/profiles.yml
[0m18:47:41.132284 [info ] [MainThread]: Using dbt_project.yml file at /Users/luckycherry/DBT/BTC/dbt_project.yml
[0m18:47:41.132582 [info ] [MainThread]: adapter type: snowflake
[0m18:47:41.132787 [info ] [MainThread]: adapter version: 1.9.4
[0m18:47:41.132958 [info ] [MainThread]: Configuration:
[0m18:47:41.133115 [info ] [MainThread]:   profiles.yml file [[32mOK found and valid[0m]
[0m18:47:41.133268 [info ] [MainThread]:   dbt_project.yml file [[31mERROR not found[0m]
[0m18:47:41.133409 [info ] [MainThread]: Required dependencies:
[0m18:47:41.133589 [debug] [MainThread]: Executing "git --help"
[0m18:47:41.214337 [debug] [MainThread]: STDOUT: "b"usage: git [-v | --version] [-h | --help] [-C <path>] [-c <name>=<value>]\n           [--exec-path[=<path>]] [--html-path] [--man-path] [--info-path]\n           [-p | --paginate | -P | --no-pager] [--no-replace-objects] [--no-lazy-fetch]\n           [--no-optional-locks] [--no-advice] [--bare] [--git-dir=<path>]\n           [--work-tree=<path>] [--namespace=<name>] [--config-env=<name>=<envvar>]\n           <command> [<args>]\n\nThese are common Git commands used in various situations:\n\nstart a working area (see also: git help tutorial)\n   clone      Clone a repository into a new directory\n   init       Create an empty Git repository or reinitialize an existing one\n\nwork on the current change (see also: git help everyday)\n   add        Add file contents to the index\n   mv         Move or rename a file, a directory, or a symlink\n   restore    Restore working tree files\n   rm         Remove files from the working tree and from the index\n\nexamine the history and state (see also: git help revisions)\n   bisect     Use binary search to find the commit that introduced a bug\n   diff       Show changes between commits, commit and working tree, etc\n   grep       Print lines matching a pattern\n   log        Show commit logs\n   show       Show various types of objects\n   status     Show the working tree status\n\ngrow, mark and tweak your common history\n   backfill   Download missing objects in a partial clone\n   branch     List, create, or delete branches\n   commit     Record changes to the repository\n   merge      Join two or more development histories together\n   rebase     Reapply commits on top of another base tip\n   reset      Reset current HEAD to the specified state\n   switch     Switch branches\n   tag        Create, list, delete or verify a tag object signed with GPG\n\ncollaborate (see also: git help workflows)\n   fetch      Download objects and refs from another repository\n   pull       Fetch from and integrate with another repository or a local branch\n   push       Update remote refs along with associated objects\n\n'git help -a' and 'git help -g' list available subcommands and some\nconcept guides. See 'git help <command>' or 'git help <concept>'\nto read about a specific subcommand or concept.\nSee 'git help git' for an overview of the system.\n""
[0m18:47:41.215050 [debug] [MainThread]: STDERR: "b''"
[0m18:47:41.215271 [info ] [MainThread]:  - git [[32mOK found[0m]

[0m18:47:41.215464 [info ] [MainThread]: Connection:
[0m18:47:41.215668 [info ] [MainThread]:   account: LMXAPBW-VF07800
[0m18:47:41.215827 [info ] [MainThread]:   user: krishandbt1234
[0m18:47:41.215974 [info ] [MainThread]:   database: BTC
[0m18:47:41.216115 [info ] [MainThread]:   warehouse: MY_LARGE_WH
[0m18:47:41.216256 [info ] [MainThread]:   role: ACCOUNTADMIN
[0m18:47:41.216397 [info ] [MainThread]:   schema: DBT_DWEIGEL
[0m18:47:41.216540 [info ] [MainThread]:   authenticator: None
[0m18:47:41.216676 [info ] [MainThread]:   oauth_client_id: None
[0m18:47:41.216812 [info ] [MainThread]:   query_tag: None
[0m18:47:41.216955 [info ] [MainThread]:   client_session_keep_alive: False
[0m18:47:41.217094 [info ] [MainThread]:   host: None
[0m18:47:41.217233 [info ] [MainThread]:   port: None
[0m18:47:41.217369 [info ] [MainThread]:   proxy_host: None
[0m18:47:41.217506 [info ] [MainThread]:   proxy_port: None
[0m18:47:41.217641 [info ] [MainThread]:   protocol: None
[0m18:47:41.217776 [info ] [MainThread]:   connect_retries: 1
[0m18:47:41.217909 [info ] [MainThread]:   connect_timeout: None
[0m18:47:41.218044 [info ] [MainThread]:   retry_on_database_errors: False
[0m18:47:41.218178 [info ] [MainThread]:   retry_all: False
[0m18:47:41.218313 [info ] [MainThread]:   insecure_mode: False
[0m18:47:41.218455 [info ] [MainThread]:   reuse_connections: True
[0m18:47:41.218892 [info ] [MainThread]: Registered adapter: snowflake=1.9.4
[0m18:47:41.278621 [debug] [MainThread]: Acquiring new snowflake connection 'debug'
[0m18:47:41.304004 [debug] [MainThread]: Using snowflake connection "debug"
[0m18:47:41.304242 [debug] [MainThread]: On debug: select 1 as id
[0m18:47:41.304401 [debug] [MainThread]: Opening a new connection, currently in state init
[0m18:47:43.052464 [debug] [MainThread]: Snowflake adapter: Error running SQL: select 1 as id
[0m18:47:43.052858 [debug] [MainThread]: Snowflake adapter: Rolling back transaction.
[0m18:47:43.053211 [info ] [MainThread]:   Connection test: [[31mERROR[0m]

[0m18:47:43.053513 [info ] [MainThread]: [31m2 checks failed:[0m
[0m18:47:43.053714 [info ] [MainThread]: Project loading failed for the following reason:
 project path </Users/luckycherry/DBT/BTC/dbt_project.yml> not found

[0m18:47:43.053913 [info ] [MainThread]: dbt was unable to connect to the specified database.
The database returned the following error:

  >Database Error
  250001 (08001): Failed to connect to DB: LMXAPBW-VF07800.snowflakecomputing.com:443. Incorrect username or password was specified.

Check your database credentials and try again. For more information, visit:
https://docs.getdbt.com/docs/configure-your-profile


[0m18:47:43.057248 [debug] [MainThread]: Resource report: {"command_name": "debug", "command_success": false, "command_wall_clock_time": 2.2591162, "process_in_blocks": "0", "process_kernel_time": 0.251208, "process_mem_max_rss": "157134848", "process_out_blocks": "0", "process_user_time": 1.149358}
[0m18:47:43.057808 [debug] [MainThread]: Command `dbt debug` failed at 18:47:43.057569 after 2.26 seconds
[0m18:47:43.058099 [debug] [MainThread]: Connection 'debug' was left open.
[0m18:47:43.058297 [debug] [MainThread]: On debug: No close available on handle
[0m18:47:43.058574 [debug] [MainThread]: Sending event: {'category': 'dbt', 'action': 'invocation', 'label': 'end', 'context': [<snowplow_tracker.self_describing_json.SelfDescribingJson object at 0x111d6c510>, <snowplow_tracker.self_describing_json.SelfDescribingJson object at 0x111a63650>, <snowplow_tracker.self_describing_json.SelfDescribingJson object at 0x111853350>]}
[0m18:47:43.058901 [debug] [MainThread]: Flushing usage events
[0m18:47:44.369487 [debug] [MainThread]: An error was encountered while trying to flush usage events
[0m18:48:49.163828 [debug] [MainThread]: Sending event: {'category': 'dbt', 'action': 'invocation', 'label': 'start', 'context': [<snowplow_tracker.self_describing_json.SelfDescribingJson object at 0x10f8de3c0>, <snowplow_tracker.self_describing_json.SelfDescribingJson object at 0x11138fd90>, <snowplow_tracker.self_describing_json.SelfDescribingJson object at 0x11138fc50>]}


============================== 18:48:49.167197 | 1463ba28-7a18-4e5b-8a71-db8f3c3bab1f ==============================
[0m18:48:49.167197 [info ] [MainThread]: Running with dbt=1.9.4
[0m18:48:49.167594 [debug] [MainThread]: running dbt with arguments {'printer_width': '80', 'indirect_selection': 'eager', 'write_json': 'True', 'log_cache_events': 'False', 'partial_parse': 'True', 'cache_selected_only': 'False', 'warn_error': 'None', 'debug': 'False', 'version_check': 'True', 'log_path': 'logs', 'fail_fast': 'False', 'profiles_dir': '/Users/luckycherry/.dbt', 'use_colors': 'True', 'use_experimental_parser': 'False', 'empty': 'None', 'quiet': 'False', 'no_print': 'None', 'warn_error_options': 'WarnErrorOptions(include=[], exclude=[])', 'invocation_command': 'dbt debug', 'static_parser': 'True', 'introspect': 'True', 'target_path': 'None', 'log_format': 'default', 'send_anonymous_usage_stats': 'True'}
[0m18:48:49.172993 [info ] [MainThread]: dbt version: 1.9.4
[0m18:48:49.173193 [info ] [MainThread]: python version: 3.13.2
[0m18:48:49.173469 [info ] [MainThread]: python path: /Users/luckycherry/DBT/BTC/venv/bin/python
[0m18:48:49.173688 [info ] [MainThread]: os info: macOS-26.2-x86_64-i386-64bit-Mach-O
[0m18:48:49.362292 [info ] [MainThread]: Using profiles dir at /Users/luckycherry/.dbt
[0m18:48:49.362588 [info ] [MainThread]: Using profiles.yml file at /Users/luckycherry/.dbt/profiles.yml
[0m18:48:49.362751 [info ] [MainThread]: Using dbt_project.yml file at /Users/luckycherry/DBT/BTC/dbt_project.yml
[0m18:48:49.363021 [info ] [MainThread]: adapter type: snowflake
[0m18:48:49.363173 [info ] [MainThread]: adapter version: 1.9.4
[0m18:48:49.363328 [info ] [MainThread]: Configuration:
[0m18:48:49.363472 [info ] [MainThread]:   profiles.yml file [[32mOK found and valid[0m]
[0m18:48:49.363611 [info ] [MainThread]:   dbt_project.yml file [[31mERROR not found[0m]
[0m18:48:49.363748 [info ] [MainThread]: Required dependencies:
[0m18:48:49.363925 [debug] [MainThread]: Executing "git --help"
[0m18:48:49.400264 [debug] [MainThread]: STDOUT: "b"usage: git [-v | --version] [-h | --help] [-C <path>] [-c <name>=<value>]\n           [--exec-path[=<path>]] [--html-path] [--man-path] [--info-path]\n           [-p | --paginate | -P | --no-pager] [--no-replace-objects] [--no-lazy-fetch]\n           [--no-optional-locks] [--no-advice] [--bare] [--git-dir=<path>]\n           [--work-tree=<path>] [--namespace=<name>] [--config-env=<name>=<envvar>]\n           <command> [<args>]\n\nThese are common Git commands used in various situations:\n\nstart a working area (see also: git help tutorial)\n   clone      Clone a repository into a new directory\n   init       Create an empty Git repository or reinitialize an existing one\n\nwork on the current change (see also: git help everyday)\n   add        Add file contents to the index\n   mv         Move or rename a file, a directory, or a symlink\n   restore    Restore working tree files\n   rm         Remove files from the working tree and from the index\n\nexamine the history and state (see also: git help revisions)\n   bisect     Use binary search to find the commit that introduced a bug\n   diff       Show changes between commits, commit and working tree, etc\n   grep       Print lines matching a pattern\n   log        Show commit logs\n   show       Show various types of objects\n   status     Show the working tree status\n\ngrow, mark and tweak your common history\n   backfill   Download missing objects in a partial clone\n   branch     List, create, or delete branches\n   commit     Record changes to the repository\n   merge      Join two or more development histories together\n   rebase     Reapply commits on top of another base tip\n   reset      Reset current HEAD to the specified state\n   switch     Switch branches\n   tag        Create, list, delete or verify a tag object signed with GPG\n\ncollaborate (see also: git help workflows)\n   fetch      Download objects and refs from another repository\n   pull       Fetch from and integrate with another repository or a local branch\n   push       Update remote refs along with associated objects\n\n'git help -a' and 'git help -g' list available subcommands and some\nconcept guides. See 'git help <command>' or 'git help <concept>'\nto read about a specific subcommand or concept.\nSee 'git help git' for an overview of the system.\n""
[0m18:48:49.400947 [debug] [MainThread]: STDERR: "b''"
[0m18:48:49.401167 [info ] [MainThread]:  - git [[32mOK found[0m]

[0m18:48:49.401356 [info ] [MainThread]: Connection:
[0m18:48:49.401574 [info ] [MainThread]:   account: LMXAPBW-VF07800
[0m18:48:49.401721 [info ] [MainThread]:   user: krishandbt1234
[0m18:48:49.401861 [info ] [MainThread]:   database: BTC
[0m18:48:49.401999 [info ] [MainThread]:   warehouse: MY_LARGE_WH
[0m18:48:49.402138 [info ] [MainThread]:   role: ACCOUNTADMIN
[0m18:48:49.402276 [info ] [MainThread]:   schema: DBT_DWEIGEL
[0m18:48:49.402413 [info ] [MainThread]:   authenticator: None
[0m18:48:49.402544 [info ] [MainThread]:   oauth_client_id: None
[0m18:48:49.402679 [info ] [MainThread]:   query_tag: None
[0m18:48:49.402814 [info ] [MainThread]:   client_session_keep_alive: False
[0m18:48:49.402949 [info ] [MainThread]:   host: None
[0m18:48:49.403083 [info ] [MainThread]:   port: None
[0m18:48:49.403225 [info ] [MainThread]:   proxy_host: None
[0m18:48:49.403356 [info ] [MainThread]:   proxy_port: None
[0m18:48:49.403491 [info ] [MainThread]:   protocol: None
[0m18:48:49.403624 [info ] [MainThread]:   connect_retries: 1
[0m18:48:49.403755 [info ] [MainThread]:   connect_timeout: None
[0m18:48:49.403887 [info ] [MainThread]:   retry_on_database_errors: False
[0m18:48:49.404019 [info ] [MainThread]:   retry_all: False
[0m18:48:49.404148 [info ] [MainThread]:   insecure_mode: False
[0m18:48:49.404281 [info ] [MainThread]:   reuse_connections: True
[0m18:48:49.404647 [info ] [MainThread]: Registered adapter: snowflake=1.9.4
[0m18:48:49.458209 [debug] [MainThread]: Acquiring new snowflake connection 'debug'
[0m18:48:49.480620 [debug] [MainThread]: Using snowflake connection "debug"
[0m18:48:49.480855 [debug] [MainThread]: On debug: select 1 as id
[0m18:48:49.481023 [debug] [MainThread]: Opening a new connection, currently in state init
[0m18:48:49.821859 [debug] [MainThread]: Snowflake adapter: Error running SQL: select 1 as id
[0m18:48:49.822204 [debug] [MainThread]: Snowflake adapter: Rolling back transaction.
[0m18:48:49.822518 [info ] [MainThread]:   Connection test: [[31mERROR[0m]

[0m18:48:49.822833 [info ] [MainThread]: [31m2 checks failed:[0m
[0m18:48:49.823045 [info ] [MainThread]: Project loading failed for the following reason:
 project path </Users/luckycherry/DBT/BTC/dbt_project.yml> not found

[0m18:48:49.823263 [info ] [MainThread]: dbt was unable to connect to the specified database.
The database returned the following error:

  >Database Error
  250001 (08001): Failed to connect to DB: LMXAPBW-VF07800.snowflakecomputing.com:443. Incorrect username or password was specified.

Check your database credentials and try again. For more information, visit:
https://docs.getdbt.com/docs/configure-your-profile


[0m18:48:49.825920 [debug] [MainThread]: Resource report: {"command_name": "debug", "command_success": false, "command_wall_clock_time": 0.71796614, "process_in_blocks": "0", "process_kernel_time": 0.207365, "process_mem_max_rss": "154918912", "process_out_blocks": "0", "process_user_time": 1.003039}
[0m18:48:49.826543 [debug] [MainThread]: Command `dbt debug` failed at 18:48:49.826274 after 0.72 seconds
[0m18:48:49.826852 [debug] [MainThread]: Connection 'debug' was left open.
[0m18:48:49.827075 [debug] [MainThread]: On debug: No close available on handle
[0m18:48:49.827357 [debug] [MainThread]: Sending event: {'category': 'dbt', 'action': 'invocation', 'label': 'end', 'context': [<snowplow_tracker.self_describing_json.SelfDescribingJson object at 0x11253c510>, <snowplow_tracker.self_describing_json.SelfDescribingJson object at 0x112233650>, <snowplow_tracker.self_describing_json.SelfDescribingJson object at 0x112023350>]}
[0m18:48:49.827705 [debug] [MainThread]: Flushing usage events
[0m18:48:51.222414 [debug] [MainThread]: An error was encountered while trying to flush usage events
